{"/code/server.js": {"path":"/code/server.js","statementMap":{"0":{"start":{"line":1,"column":16},"end":{"line":1,"column":34}},"1":{"start":{"line":2,"column":13},"end":{"line":2,"column":28}},"2":{"start":{"line":4,"column":15},"end":{"line":4,"column":24}},"3":{"start":{"line":5,"column":0},"end":{"line":5,"column":19}},"4":{"start":{"line":6,"column":0},"end":{"line":6,"column":27}},"5":{"start":{"line":12,"column":20},"end":{"line":12,"column":45}},"6":{"start":{"line":13,"column":0},"end":{"line":13,"column":33}},"7":{"start":{"line":15,"column":0},"end":{"line":15,"column":68}},"8":{"start":{"line":15,"column":30},"end":{"line":15,"column":66}},"9":{"start":{"line":17,"column":0},"end":{"line":17,"column":23}}},"fnMap":{"0":{"name":"(anonymous_0)","decl":{"start":{"line":15,"column":16},"end":{"line":15,"column":17}},"loc":{"start":{"line":15,"column":30},"end":{"line":15,"column":66}},"line":15}},"branchMap":{},"s":{"0":1,"1":1,"2":1,"3":1,"4":1,"5":1,"6":1,"7":1,"8":2,"9":1},"f":{"0":2},"b":{},"_coverageSchema":"1a1c01bbd47fc00a2c39e90264f33305004495a9","hash":"f10d5564b4728fb4028b1c2bc5c3219ea6f2dd8b"}
,"/code/controllers/controller.js": {"path":"/code/controllers/controller.js","statementMap":{"0":{"start":{"line":1,"column":13},"end":{"line":1,"column":39}},"1":{"start":{"line":2,"column":12},"end":{"line":2,"column":35}},"2":{"start":{"line":3,"column":15},"end":{"line":3,"column":34}},"3":{"start":{"line":6,"column":4},"end":{"line":11,"column":5}},"4":{"start":{"line":7,"column":25},"end":{"line":7,"column":44}},"5":{"start":{"line":8,"column":8},"end":{"line":8,"column":38}},"6":{"start":{"line":10,"column":8},"end":{"line":10,"column":35}},"7":{"start":{"line":15,"column":4},"end":{"line":24,"column":5}},"8":{"start":{"line":16,"column":21},"end":{"line":16,"column":43}},"9":{"start":{"line":17,"column":23},"end":{"line":17,"column":65}},"10":{"start":{"line":18,"column":25},"end":{"line":18,"column":42}},"11":{"start":{"line":19,"column":25},"end":{"line":19,"column":31}},"12":{"start":{"line":20,"column":21},"end":{"line":20,"column":62}},"13":{"start":{"line":21,"column":8},"end":{"line":21,"column":34}},"14":{"start":{"line":23,"column":8},"end":{"line":23,"column":35}},"15":{"start":{"line":28,"column":4},"end":{"line":52,"column":5}},"16":{"start":{"line":29,"column":21},"end":{"line":29,"column":65}},"17":{"start":{"line":30,"column":8},"end":{"line":32,"column":9}},"18":{"start":{"line":31,"column":12},"end":{"line":31,"column":57}},"19":{"start":{"line":33,"column":23},"end":{"line":33,"column":77}},"20":{"start":{"line":34,"column":8},"end":{"line":49,"column":9}},"21":{"start":{"line":35,"column":28},"end":{"line":35,"column":55}},"22":{"start":{"line":36,"column":30},"end":{"line":44,"column":13}},"23":{"start":{"line":37,"column":16},"end":{"line":39,"column":17}},"24":{"start":{"line":38,"column":20},"end":{"line":38,"column":64}},"25":{"start":{"line":40,"column":16},"end":{"line":43,"column":19}},"26":{"start":{"line":46,"column":12},"end":{"line":46,"column":72}},"27":{"start":{"line":48,"column":12},"end":{"line":48,"column":62}},"28":{"start":{"line":51,"column":8},"end":{"line":51,"column":38}},"29":{"start":{"line":56,"column":4},"end":{"line":61,"column":5}},"30":{"start":{"line":57,"column":21},"end":{"line":57,"column":67}},"31":{"start":{"line":58,"column":8},"end":{"line":58,"column":34}},"32":{"start":{"line":60,"column":8},"end":{"line":60,"column":35}},"33":{"start":{"line":65,"column":4},"end":{"line":74,"column":5}},"34":{"start":{"line":67,"column":28},"end":{"line":67,"column":48}},"35":{"start":{"line":68,"column":28},"end":{"line":68,"column":48}},"36":{"start":{"line":70,"column":8},"end":{"line":70,"column":56}},"37":{"start":{"line":71,"column":8},"end":{"line":71,"column":48}},"38":{"start":{"line":73,"column":8},"end":{"line":73,"column":35}},"39":{"start":{"line":79,"column":4},"end":{"line":86,"column":5}},"40":{"start":{"line":80,"column":21},"end":{"line":80,"column":67}},"41":{"start":{"line":82,"column":8},"end":{"line":82,"column":33}},"42":{"start":{"line":83,"column":8},"end":{"line":83,"column":44}},"43":{"start":{"line":85,"column":8},"end":{"line":85,"column":35}},"44":{"start":{"line":90,"column":4},"end":{"line":97,"column":5}},"45":{"start":{"line":91,"column":25},"end":{"line":91,"column":42}},"46":{"start":{"line":92,"column":22},"end":{"line":92,"column":36}},"47":{"start":{"line":93,"column":21},"end":{"line":93,"column":60}},"48":{"start":{"line":94,"column":8},"end":{"line":94,"column":34}},"49":{"start":{"line":96,"column":8},"end":{"line":96,"column":35}},"50":{"start":{"line":101,"column":4},"end":{"line":111,"column":5}},"51":{"start":{"line":102,"column":25},"end":{"line":102,"column":42}},"52":{"start":{"line":103,"column":22},"end":{"line":103,"column":36}},"53":{"start":{"line":106,"column":8},"end":{"line":106,"column":48}},"54":{"start":{"line":107,"column":8},"end":{"line":107,"column":45}},"55":{"start":{"line":110,"column":8},"end":{"line":110,"column":35}},"56":{"start":{"line":116,"column":4},"end":{"line":122,"column":5}},"57":{"start":{"line":118,"column":8},"end":{"line":118,"column":73}},"58":{"start":{"line":119,"column":8},"end":{"line":119,"column":45}},"59":{"start":{"line":121,"column":8},"end":{"line":121,"column":35}},"60":{"start":{"line":125,"column":0},"end":{"line":125,"column":125}}},"fnMap":{"0":{"name":"getAll","decl":{"start":{"line":5,"column":15},"end":{"line":5,"column":21}},"loc":{"start":{"line":5,"column":32},"end":{"line":12,"column":1}},"line":5},"1":{"name":"createNewUser","decl":{"start":{"line":14,"column":15},"end":{"line":14,"column":28}},"loc":{"start":{"line":14,"column":39},"end":{"line":25,"column":1}},"line":14},"2":{"name":"authLogin","decl":{"start":{"line":27,"column":15},"end":{"line":27,"column":24}},"loc":{"start":{"line":27,"column":34},"end":{"line":53,"column":1}},"line":27},"3":{"name":"(anonymous_3)","decl":{"start":{"line":36,"column":30},"end":{"line":36,"column":31}},"loc":{"start":{"line":36,"column":46},"end":{"line":44,"column":13}},"line":36},"4":{"name":"getUser","decl":{"start":{"line":55,"column":15},"end":{"line":55,"column":22}},"loc":{"start":{"line":55,"column":33},"end":{"line":62,"column":1}},"line":55},"5":{"name":"updateUser","decl":{"start":{"line":64,"column":15},"end":{"line":64,"column":25}},"loc":{"start":{"line":64,"column":36},"end":{"line":75,"column":1}},"line":64},"6":{"name":"removeUser","decl":{"start":{"line":78,"column":15},"end":{"line":78,"column":25}},"loc":{"start":{"line":78,"column":36},"end":{"line":87,"column":1}},"line":78},"7":{"name":"createHabit","decl":{"start":{"line":89,"column":15},"end":{"line":89,"column":26}},"loc":{"start":{"line":89,"column":37},"end":{"line":98,"column":1}},"line":89},"8":{"name":"updateHabit","decl":{"start":{"line":100,"column":15},"end":{"line":100,"column":26}},"loc":{"start":{"line":100,"column":37},"end":{"line":112,"column":1}},"line":100},"9":{"name":"removeHabit","decl":{"start":{"line":115,"column":15},"end":{"line":115,"column":26}},"loc":{"start":{"line":115,"column":37},"end":{"line":123,"column":1}},"line":115}},"branchMap":{"0":{"loc":{"start":{"line":30,"column":8},"end":{"line":32,"column":9}},"type":"if","locations":[{"start":{"line":30,"column":8},"end":{"line":32,"column":9}},{"start":{},"end":{}}],"line":30},"1":{"loc":{"start":{"line":34,"column":8},"end":{"line":49,"column":9}},"type":"if","locations":[{"start":{"line":34,"column":8},"end":{"line":49,"column":9}},{"start":{"line":47,"column":15},"end":{"line":49,"column":9}}],"line":34},"2":{"loc":{"start":{"line":37,"column":16},"end":{"line":39,"column":17}},"type":"if","locations":[{"start":{"line":37,"column":16},"end":{"line":39,"column":17}},{"start":{},"end":{}}],"line":37}},"s":{"0":2,"1":2,"2":2,"3":1,"4":1,"5":1,"6":0,"7":2,"8":2,"9":2,"10":2,"11":2,"12":2,"13":2,"14":0,"15":0,"16":0,"17":0,"18":0,"19":0,"20":0,"21":0,"22":0,"23":0,"24":0,"25":0,"26":0,"27":0,"28":0,"29":10,"30":10,"31":9,"32":1,"33":2,"34":2,"35":2,"36":2,"37":2,"38":0,"39":2,"40":2,"41":2,"42":2,"43":0,"44":3,"45":3,"46":3,"47":3,"48":3,"49":0,"50":2,"51":2,"52":2,"53":2,"54":2,"55":0,"56":2,"57":2,"58":2,"59":0,"60":2},"f":{"0":1,"1":2,"2":0,"3":0,"4":10,"5":2,"6":2,"7":3,"8":2,"9":2},"b":{"0":[0,0],"1":[0,0],"2":[0,0]},"_coverageSchema":"1a1c01bbd47fc00a2c39e90264f33305004495a9","hash":"861864b38e86ef2f2c9c7c334d41336b38f6b92a"}
,"/code/dbConfig/dbConfig.js": {"path":"/code/dbConfig/dbConfig.js","statementMap":{"0":{"start":{"line":1,"column":24},"end":{"line":1,"column":42}},"1":{"start":{"line":2,"column":22},"end":{"line":2,"column":47}},"2":{"start":{"line":4,"column":15},"end":{"line":4,"column":34}},"3":{"start":{"line":6,"column":13},"end":{"line":10,"column":1}},"4":{"start":{"line":7,"column":15},"end":{"line":7,"column":55}},"5":{"start":{"line":8,"column":2},"end":{"line":8,"column":48}},"6":{"start":{"line":9,"column":2},"end":{"line":9,"column":27}},"7":{"start":{"line":12,"column":0},"end":{"line":12,"column":26}}},"fnMap":{"0":{"name":"(anonymous_0)","decl":{"start":{"line":6,"column":13},"end":{"line":6,"column":14}},"loc":{"start":{"line":6,"column":25},"end":{"line":10,"column":1}},"line":6}},"branchMap":{},"s":{"0":2,"1":2,"2":2,"3":2,"4":18,"5":18,"6":18,"7":2},"f":{"0":18},"b":{},"_coverageSchema":"1a1c01bbd47fc00a2c39e90264f33305004495a9","hash":"8f6e60209ed412fce348c5a123497e069f91468b"}
,"/code/models/model.js": {"path":"/code/models/model.js","statementMap":{"0":{"start":{"line":1,"column":17},"end":{"line":1,"column":48}},"1":{"start":{"line":2,"column":21},"end":{"line":2,"column":39}},"2":{"start":{"line":6,"column":8},"end":{"line":6,"column":26}},"3":{"start":{"line":7,"column":8},"end":{"line":7,"column":38}},"4":{"start":{"line":8,"column":8},"end":{"line":8,"column":38}},"5":{"start":{"line":9,"column":8},"end":{"line":9,"column":44}},"6":{"start":{"line":14,"column":8},"end":{"line":25,"column":10}},"7":{"start":{"line":15,"column":12},"end":{"line":24,"column":13}},"8":{"start":{"line":16,"column":27},"end":{"line":16,"column":39}},"9":{"start":{"line":17,"column":34},"end":{"line":17,"column":79}},"10":{"start":{"line":18,"column":16},"end":{"line":18,"column":71}},"11":{"start":{"line":19,"column":28},"end":{"line":19,"column":136}},"12":{"start":{"line":19,"column":47},"end":{"line":19,"column":135}},"13":{"start":{"line":20,"column":16},"end":{"line":20,"column":31}},"14":{"start":{"line":23,"column":16},"end":{"line":23,"column":48}},"15":{"start":{"line":29,"column":8},"end":{"line":39,"column":10}},"16":{"start":{"line":31,"column":12},"end":{"line":38,"column":13}},"17":{"start":{"line":32,"column":27},"end":{"line":32,"column":39}},"18":{"start":{"line":33,"column":31},"end":{"line":33,"column":98}},"19":{"start":{"line":34,"column":27},"end":{"line":34,"column":117}},"20":{"start":{"line":35,"column":16},"end":{"line":35,"column":29}},"21":{"start":{"line":37,"column":16},"end":{"line":37,"column":54}},"22":{"start":{"line":43,"column":8},"end":{"line":58,"column":11}},"23":{"start":{"line":44,"column":12},"end":{"line":57,"column":13}},"24":{"start":{"line":45,"column":27},"end":{"line":45,"column":39}},"25":{"start":{"line":46,"column":35},"end":{"line":46,"column":93}},"26":{"start":{"line":47,"column":16},"end":{"line":54,"column":17}},"27":{"start":{"line":48,"column":35},"end":{"line":48,"column":117}},"28":{"start":{"line":49,"column":34},"end":{"line":49,"column":59}},"29":{"start":{"line":50,"column":20},"end":{"line":50,"column":37}},"30":{"start":{"line":53,"column":20},"end":{"line":53,"column":58}},"31":{"start":{"line":56,"column":16},"end":{"line":56,"column":59}},"32":{"start":{"line":62,"column":8},"end":{"line":71,"column":10}},"33":{"start":{"line":63,"column":12},"end":{"line":70,"column":13}},"34":{"start":{"line":64,"column":27},"end":{"line":64,"column":39}},"35":{"start":{"line":66,"column":16},"end":{"line":66,"column":111}},"36":{"start":{"line":67,"column":16},"end":{"line":67,"column":77}},"37":{"start":{"line":69,"column":16},"end":{"line":69,"column":39}},"38":{"start":{"line":75,"column":8},"end":{"line":83,"column":10}},"39":{"start":{"line":76,"column":12},"end":{"line":82,"column":13}},"40":{"start":{"line":77,"column":27},"end":{"line":77,"column":39}},"41":{"start":{"line":78,"column":16},"end":{"line":78,"column":83}},"42":{"start":{"line":79,"column":16},"end":{"line":79,"column":51}},"43":{"start":{"line":81,"column":16},"end":{"line":81,"column":63}},"44":{"start":{"line":88,"column":8},"end":{"line":99,"column":11}},"45":{"start":{"line":89,"column":12},"end":{"line":98,"column":13}},"46":{"start":{"line":91,"column":27},"end":{"line":91,"column":39}},"47":{"start":{"line":92,"column":32},"end":{"line":92,"column":118}},"48":{"start":{"line":93,"column":39},"end":{"line":93,"column":106}},"49":{"start":{"line":94,"column":16},"end":{"line":95,"column":28}},"50":{"start":{"line":94,"column":43},"end":{"line":94,"column":59}},"51":{"start":{"line":95,"column":16},"end":{"line":95,"column":26}},"52":{"start":{"line":97,"column":16},"end":{"line":97,"column":71}},"53":{"start":{"line":103,"column":8},"end":{"line":103,"column":61}},"54":{"start":{"line":104,"column":8},"end":{"line":113,"column":10}},"55":{"start":{"line":105,"column":12},"end":{"line":112,"column":13}},"56":{"start":{"line":107,"column":27},"end":{"line":107,"column":39}},"57":{"start":{"line":108,"column":16},"end":{"line":108,"column":153}},"58":{"start":{"line":109,"column":16},"end":{"line":109,"column":70}},"59":{"start":{"line":111,"column":16},"end":{"line":111,"column":52}},"60":{"start":{"line":117,"column":8},"end":{"line":126,"column":10}},"61":{"start":{"line":118,"column":12},"end":{"line":125,"column":13}},"62":{"start":{"line":119,"column":27},"end":{"line":119,"column":39}},"63":{"start":{"line":120,"column":16},"end":{"line":120,"column":116}},"64":{"start":{"line":122,"column":16},"end":{"line":122,"column":47}},"65":{"start":{"line":124,"column":16},"end":{"line":124,"column":59}},"66":{"start":{"line":131,"column":0},"end":{"line":131,"column":21}}},"fnMap":{"0":{"name":"(anonymous_0)","decl":{"start":{"line":5,"column":4},"end":{"line":5,"column":5}},"loc":{"start":{"line":5,"column":22},"end":{"line":11,"column":5}},"line":5},"1":{"name":"(anonymous_1)","decl":{"start":{"line":13,"column":4},"end":{"line":13,"column":5}},"loc":{"start":{"line":13,"column":20},"end":{"line":26,"column":5}},"line":13},"2":{"name":"(anonymous_2)","decl":{"start":{"line":14,"column":28},"end":{"line":14,"column":29}},"loc":{"start":{"line":14,"column":55},"end":{"line":25,"column":9}},"line":14},"3":{"name":"(anonymous_3)","decl":{"start":{"line":19,"column":42},"end":{"line":19,"column":43}},"loc":{"start":{"line":19,"column":47},"end":{"line":19,"column":135}},"line":19},"4":{"name":"(anonymous_4)","decl":{"start":{"line":28,"column":4},"end":{"line":28,"column":5}},"loc":{"start":{"line":28,"column":36},"end":{"line":40,"column":5}},"line":28},"5":{"name":"(anonymous_5)","decl":{"start":{"line":29,"column":27},"end":{"line":29,"column":28}},"loc":{"start":{"line":29,"column":54},"end":{"line":39,"column":9}},"line":29},"6":{"name":"(anonymous_6)","decl":{"start":{"line":42,"column":4},"end":{"line":42,"column":5}},"loc":{"start":{"line":42,"column":42},"end":{"line":59,"column":5}},"line":42},"7":{"name":"(anonymous_7)","decl":{"start":{"line":43,"column":27},"end":{"line":43,"column":28}},"loc":{"start":{"line":43,"column":54},"end":{"line":58,"column":9}},"line":43},"8":{"name":"(anonymous_8)","decl":{"start":{"line":61,"column":4},"end":{"line":61,"column":5}},"loc":{"start":{"line":61,"column":49},"end":{"line":72,"column":5}},"line":61},"9":{"name":"(anonymous_9)","decl":{"start":{"line":62,"column":27},"end":{"line":62,"column":28}},"loc":{"start":{"line":62,"column":54},"end":{"line":71,"column":9}},"line":62},"10":{"name":"(anonymous_10)","decl":{"start":{"line":74,"column":4},"end":{"line":74,"column":5}},"loc":{"start":{"line":74,"column":18},"end":{"line":84,"column":5}},"line":74},"11":{"name":"(anonymous_11)","decl":{"start":{"line":75,"column":27},"end":{"line":75,"column":28}},"loc":{"start":{"line":75,"column":54},"end":{"line":83,"column":9}},"line":75},"12":{"name":"(anonymous_12)","decl":{"start":{"line":86,"column":4},"end":{"line":86,"column":5}},"loc":{"start":{"line":86,"column":40},"end":{"line":100,"column":5}},"line":86},"13":{"name":"(anonymous_13)","decl":{"start":{"line":88,"column":27},"end":{"line":88,"column":28}},"loc":{"start":{"line":88,"column":54},"end":{"line":99,"column":9}},"line":88},"14":{"name":"(anonymous_14)","decl":{"start":{"line":94,"column":37},"end":{"line":94,"column":38}},"loc":{"start":{"line":94,"column":42},"end":{"line":95,"column":27}},"line":94},"15":{"name":"(anonymous_15)","decl":{"start":{"line":102,"column":4},"end":{"line":102,"column":5}},"loc":{"start":{"line":102,"column":41},"end":{"line":114,"column":5}},"line":102},"16":{"name":"(anonymous_16)","decl":{"start":{"line":104,"column":27},"end":{"line":104,"column":28}},"loc":{"start":{"line":104,"column":54},"end":{"line":113,"column":9}},"line":104},"17":{"name":"(anonymous_17)","decl":{"start":{"line":116,"column":4},"end":{"line":116,"column":5}},"loc":{"start":{"line":116,"column":44},"end":{"line":127,"column":5}},"line":116},"18":{"name":"(anonymous_18)","decl":{"start":{"line":117,"column":27},"end":{"line":117,"column":28}},"loc":{"start":{"line":117,"column":53},"end":{"line":126,"column":9}},"line":117}},"branchMap":{"0":{"loc":{"start":{"line":47,"column":16},"end":{"line":54,"column":17}},"type":"if","locations":[{"start":{"line":47,"column":16},"end":{"line":54,"column":17}},{"start":{"line":52,"column":20},"end":{"line":54,"column":17}}],"line":47}},"s":{"0":2,"1":2,"2":20,"3":20,"4":20,"5":20,"6":0,"7":0,"8":0,"9":0,"10":0,"11":0,"12":0,"13":0,"14":0,"15":10,"16":10,"17":10,"18":10,"19":10,"20":9,"21":1,"22":1,"23":1,"24":1,"25":1,"26":1,"27":1,"28":1,"29":1,"30":0,"31":0,"32":1,"33":1,"34":1,"35":1,"36":1,"37":0,"38":1,"39":1,"40":1,"41":1,"42":1,"43":0,"44":2,"45":2,"46":2,"47":2,"48":2,"49":2,"50":2,"51":2,"52":0,"53":1,"54":1,"55":1,"56":1,"57":1,"58":1,"59":0,"60":2,"61":2,"62":2,"63":2,"64":2,"65":0,"66":2},"f":{"0":20,"1":0,"2":0,"3":0,"4":10,"5":10,"6":1,"7":1,"8":1,"9":1,"10":1,"11":1,"12":2,"13":2,"14":2,"15":1,"16":1,"17":2,"18":2},"b":{"0":[1,0]},"_coverageSchema":"1a1c01bbd47fc00a2c39e90264f33305004495a9","hash":"3ab99eaf73041a9bef22d988bc0b3b465b13b90b"}
,"/code/routes/route.js": {"path":"/code/routes/route.js","statementMap":{"0":{"start":{"line":1,"column":16},"end":{"line":1,"column":34}},"1":{"start":{"line":2,"column":15},"end":{"line":2,"column":31}},"2":{"start":{"line":3,"column":24},"end":{"line":3,"column":53}},"3":{"start":{"line":4,"column":23},"end":{"line":4,"column":59}},"4":{"start":{"line":6,"column":0},"end":{"line":6,"column":51}},"5":{"start":{"line":7,"column":0},"end":{"line":7,"column":56}},"6":{"start":{"line":8,"column":0},"end":{"line":8,"column":48}},"7":{"start":{"line":9,"column":0},"end":{"line":9,"column":64}},"8":{"start":{"line":10,"column":0},"end":{"line":10,"column":47}},"9":{"start":{"line":11,"column":0},"end":{"line":11,"column":54}},"10":{"start":{"line":12,"column":0},"end":{"line":12,"column":55}},"11":{"start":{"line":13,"column":0},"end":{"line":13,"column":66}},"12":{"start":{"line":14,"column":0},"end":{"line":14,"column":55}},"13":{"start":{"line":18,"column":0},"end":{"line":18,"column":23}}},"fnMap":{},"branchMap":{},"s":{"0":1,"1":1,"2":1,"3":1,"4":1,"5":1,"6":1,"7":1,"8":1,"9":1,"10":1,"11":1,"12":1,"13":1},"f":{},"b":{},"_coverageSchema":"1a1c01bbd47fc00a2c39e90264f33305004495a9","hash":"b62220b9fc557f7dc98c2db8a0d20756f739d872"}
,"/code/tests/integration/config.js": {"path":"/code/tests/integration/config.js","statementMap":{"0":{"start":{"line":1,"column":20},"end":{"line":1,"column":55}},"1":{"start":{"line":6,"column":20},"end":{"line":22,"column":1}},"2":{"start":{"line":7,"column":4},"end":{"line":21,"column":7}},"3":{"start":{"line":8,"column":8},"end":{"line":20,"column":9}},"4":{"start":{"line":9,"column":12},"end":{"line":9,"column":78}},"5":{"start":{"line":10,"column":12},"end":{"line":10,"column":57}},"6":{"start":{"line":11,"column":12},"end":{"line":11,"column":56}},"7":{"start":{"line":12,"column":12},"end":{"line":16,"column":14}},"8":{"start":{"line":17,"column":12},"end":{"line":17,"column":37}},"9":{"start":{"line":19,"column":12},"end":{"line":19,"column":72}},"10":{"start":{"line":24,"column":0},"end":{"line":24,"column":32}}},"fnMap":{"0":{"name":"(anonymous_0)","decl":{"start":{"line":6,"column":20},"end":{"line":6,"column":21}},"loc":{"start":{"line":6,"column":26},"end":{"line":22,"column":1}},"line":6},"1":{"name":"(anonymous_1)","decl":{"start":{"line":7,"column":24},"end":{"line":7,"column":25}},"loc":{"start":{"line":7,"column":51},"end":{"line":21,"column":5}},"line":7}},"branchMap":{},"s":{"0":1,"1":1,"2":12,"3":12,"4":12,"5":12,"6":12,"7":12,"8":12,"9":0,"10":1},"f":{"0":12,"1":12},"b":{},"_coverageSchema":"1a1c01bbd47fc00a2c39e90264f33305004495a9","hash":"9fa6430ef00545f1d0f12c2c4b1dd944646b6e63"}
}
