{"/code/server.js": {"path":"/code/server.js","statementMap":{"0":{"start":{"line":1,"column":16},"end":{"line":1,"column":34}},"1":{"start":{"line":2,"column":13},"end":{"line":2,"column":28}},"2":{"start":{"line":4,"column":15},"end":{"line":4,"column":24}},"3":{"start":{"line":5,"column":0},"end":{"line":5,"column":19}},"4":{"start":{"line":6,"column":0},"end":{"line":6,"column":27}},"5":{"start":{"line":12,"column":20},"end":{"line":12,"column":45}},"6":{"start":{"line":13,"column":0},"end":{"line":13,"column":33}},"7":{"start":{"line":15,"column":0},"end":{"line":15,"column":68}},"8":{"start":{"line":15,"column":30},"end":{"line":15,"column":66}},"9":{"start":{"line":17,"column":0},"end":{"line":17,"column":23}}},"fnMap":{"0":{"name":"(anonymous_0)","decl":{"start":{"line":15,"column":16},"end":{"line":15,"column":17}},"loc":{"start":{"line":15,"column":30},"end":{"line":15,"column":66}},"line":15}},"branchMap":{},"s":{"0":1,"1":1,"2":1,"3":1,"4":1,"5":1,"6":1,"7":1,"8":2,"9":1},"f":{"0":2},"b":{},"_coverageSchema":"1a1c01bbd47fc00a2c39e90264f33305004495a9","hash":"f10d5564b4728fb4028b1c2bc5c3219ea6f2dd8b"}
,"/code/controllers/controller.js": {"path":"/code/controllers/controller.js","statementMap":{"0":{"start":{"line":1,"column":13},"end":{"line":1,"column":39}},"1":{"start":{"line":6,"column":4},"end":{"line":11,"column":5}},"2":{"start":{"line":7,"column":25},"end":{"line":7,"column":39}},"3":{"start":{"line":8,"column":8},"end":{"line":8,"column":26}},"4":{"start":{"line":10,"column":8},"end":{"line":10,"column":41}},"5":{"start":{"line":15,"column":4},"end":{"line":22,"column":5}},"6":{"start":{"line":16,"column":25},"end":{"line":16,"column":42}},"7":{"start":{"line":17,"column":25},"end":{"line":17,"column":42}},"8":{"start":{"line":18,"column":21},"end":{"line":18,"column":62}},"9":{"start":{"line":19,"column":8},"end":{"line":19,"column":34}},"10":{"start":{"line":21,"column":8},"end":{"line":21,"column":35}},"11":{"start":{"line":26,"column":4},"end":{"line":31,"column":5}},"12":{"start":{"line":27,"column":21},"end":{"line":27,"column":67}},"13":{"start":{"line":28,"column":8},"end":{"line":28,"column":34}},"14":{"start":{"line":30,"column":8},"end":{"line":30,"column":35}},"15":{"start":{"line":35,"column":4},"end":{"line":42,"column":5}},"16":{"start":{"line":36,"column":28},"end":{"line":36,"column":50}},"17":{"start":{"line":37,"column":28},"end":{"line":37,"column":50}},"18":{"start":{"line":38,"column":21},"end":{"line":38,"column":68}},"19":{"start":{"line":39,"column":8},"end":{"line":39,"column":34}},"20":{"start":{"line":41,"column":8},"end":{"line":41,"column":35}},"21":{"start":{"line":46,"column":4},"end":{"line":50,"column":5}},"22":{"start":{"line":47,"column":8},"end":{"line":47,"column":34}},"23":{"start":{"line":49,"column":8},"end":{"line":49,"column":35}},"24":{"start":{"line":54,"column":4},"end":{"line":61,"column":5}},"25":{"start":{"line":55,"column":25},"end":{"line":55,"column":42}},"26":{"start":{"line":56,"column":22},"end":{"line":56,"column":36}},"27":{"start":{"line":57,"column":21},"end":{"line":57,"column":60}},"28":{"start":{"line":58,"column":8},"end":{"line":58,"column":34}},"29":{"start":{"line":60,"column":8},"end":{"line":60,"column":35}},"30":{"start":{"line":65,"column":4},"end":{"line":69,"column":5}},"31":{"start":{"line":66,"column":8},"end":{"line":66,"column":34}},"32":{"start":{"line":68,"column":8},"end":{"line":68,"column":35}},"33":{"start":{"line":74,"column":4},"end":{"line":78,"column":5}},"34":{"start":{"line":75,"column":8},"end":{"line":75,"column":34}},"35":{"start":{"line":77,"column":8},"end":{"line":77,"column":35}},"36":{"start":{"line":81,"column":0},"end":{"line":81,"column":87}}},"fnMap":{"0":{"name":"getAll","decl":{"start":{"line":4,"column":15},"end":{"line":4,"column":21}},"loc":{"start":{"line":4,"column":32},"end":{"line":12,"column":1}},"line":4},"1":{"name":"createNewUser","decl":{"start":{"line":14,"column":15},"end":{"line":14,"column":28}},"loc":{"start":{"line":14,"column":39},"end":{"line":23,"column":1}},"line":14},"2":{"name":"getUser","decl":{"start":{"line":25,"column":15},"end":{"line":25,"column":22}},"loc":{"start":{"line":25,"column":33},"end":{"line":32,"column":1}},"line":25},"3":{"name":"updateUser","decl":{"start":{"line":34,"column":15},"end":{"line":34,"column":25}},"loc":{"start":{"line":34,"column":36},"end":{"line":43,"column":1}},"line":34},"4":{"name":"removeUser","decl":{"start":{"line":45,"column":15},"end":{"line":45,"column":25}},"loc":{"start":{"line":45,"column":36},"end":{"line":51,"column":1}},"line":45},"5":{"name":"createHabit","decl":{"start":{"line":53,"column":15},"end":{"line":53,"column":26}},"loc":{"start":{"line":53,"column":37},"end":{"line":62,"column":1}},"line":53},"6":{"name":"updateHabit","decl":{"start":{"line":64,"column":15},"end":{"line":64,"column":26}},"loc":{"start":{"line":64,"column":37},"end":{"line":70,"column":1}},"line":64},"7":{"name":"removeHabit","decl":{"start":{"line":73,"column":15},"end":{"line":73,"column":26}},"loc":{"start":{"line":73,"column":37},"end":{"line":79,"column":1}},"line":73}},"branchMap":{},"s":{"0":1,"1":0,"2":0,"3":0,"4":0,"5":1,"6":1,"7":1,"8":1,"9":1,"10":0,"11":5,"12":5,"13":5,"14":0,"15":0,"16":0,"17":0,"18":0,"19":0,"20":0,"21":0,"22":0,"23":0,"24":2,"25":2,"26":2,"27":2,"28":2,"29":0,"30":0,"31":0,"32":0,"33":0,"34":0,"35":0,"36":1},"f":{"0":0,"1":1,"2":5,"3":0,"4":0,"5":2,"6":0,"7":0},"b":{},"_coverageSchema":"1a1c01bbd47fc00a2c39e90264f33305004495a9","hash":"e351666b26c18cf5d2b9c3e4a59baaaa1ac71fec"}
,"/code/dbConfig/dbConfig.js": {"path":"/code/dbConfig/dbConfig.js","statementMap":{"0":{"start":{"line":1,"column":24},"end":{"line":1,"column":42}},"1":{"start":{"line":2,"column":22},"end":{"line":2,"column":47}},"2":{"start":{"line":4,"column":15},"end":{"line":4,"column":34}},"3":{"start":{"line":6,"column":13},"end":{"line":10,"column":1}},"4":{"start":{"line":7,"column":15},"end":{"line":7,"column":55}},"5":{"start":{"line":8,"column":2},"end":{"line":8,"column":48}},"6":{"start":{"line":9,"column":2},"end":{"line":9,"column":27}},"7":{"start":{"line":12,"column":0},"end":{"line":12,"column":26}}},"fnMap":{"0":{"name":"(anonymous_0)","decl":{"start":{"line":6,"column":13},"end":{"line":6,"column":14}},"loc":{"start":{"line":6,"column":25},"end":{"line":10,"column":1}},"line":6}},"branchMap":{},"s":{"0":1,"1":1,"2":1,"3":1,"4":8,"5":8,"6":8,"7":1},"f":{"0":8},"b":{},"_coverageSchema":"1a1c01bbd47fc00a2c39e90264f33305004495a9","hash":"8f6e60209ed412fce348c5a123497e069f91468b"}
,"/code/models/model.js": {"path":"/code/models/model.js","statementMap":{"0":{"start":{"line":1,"column":17},"end":{"line":1,"column":48}},"1":{"start":{"line":2,"column":21},"end":{"line":2,"column":39}},"2":{"start":{"line":6,"column":8},"end":{"line":6,"column":26}},"3":{"start":{"line":7,"column":8},"end":{"line":7,"column":38}},"4":{"start":{"line":8,"column":8},"end":{"line":8,"column":38}},"5":{"start":{"line":9,"column":8},"end":{"line":9,"column":44}},"6":{"start":{"line":10,"column":8},"end":{"line":10,"column":40}},"7":{"start":{"line":14,"column":8},"end":{"line":24,"column":10}},"8":{"start":{"line":15,"column":12},"end":{"line":23,"column":13}},"9":{"start":{"line":16,"column":27},"end":{"line":16,"column":39}},"10":{"start":{"line":17,"column":34},"end":{"line":17,"column":79}},"11":{"start":{"line":18,"column":30},"end":{"line":18,"column":79}},"12":{"start":{"line":18,"column":49},"end":{"line":18,"column":78}},"13":{"start":{"line":19,"column":16},"end":{"line":19,"column":31}},"14":{"start":{"line":22,"column":16},"end":{"line":22,"column":48}},"15":{"start":{"line":28,"column":8},"end":{"line":38,"column":10}},"16":{"start":{"line":30,"column":12},"end":{"line":37,"column":13}},"17":{"start":{"line":31,"column":27},"end":{"line":31,"column":39}},"18":{"start":{"line":32,"column":31},"end":{"line":32,"column":98}},"19":{"start":{"line":33,"column":27},"end":{"line":33,"column":85}},"20":{"start":{"line":34,"column":16},"end":{"line":34,"column":29}},"21":{"start":{"line":36,"column":16},"end":{"line":36,"column":54}},"22":{"start":{"line":42,"column":8},"end":{"line":52,"column":11}},"23":{"start":{"line":43,"column":12},"end":{"line":51,"column":13}},"24":{"start":{"line":44,"column":27},"end":{"line":44,"column":39}},"25":{"start":{"line":45,"column":31},"end":{"line":45,"column":113}},"26":{"start":{"line":46,"column":30},"end":{"line":46,"column":55}},"27":{"start":{"line":48,"column":16},"end":{"line":48,"column":33}},"28":{"start":{"line":50,"column":16},"end":{"line":50,"column":59}},"29":{"start":{"line":56,"column":8},"end":{"line":63,"column":10}},"30":{"start":{"line":57,"column":12},"end":{"line":62,"column":13}},"31":{"start":{"line":58,"column":38},"end":{"line":58,"column":130}},"32":{"start":{"line":59,"column":16},"end":{"line":59,"column":76}},"33":{"start":{"line":61,"column":16},"end":{"line":61,"column":39}},"34":{"start":{"line":67,"column":8},"end":{"line":75,"column":10}},"35":{"start":{"line":68,"column":12},"end":{"line":74,"column":13}},"36":{"start":{"line":69,"column":27},"end":{"line":69,"column":39}},"37":{"start":{"line":70,"column":16},"end":{"line":70,"column":83}},"38":{"start":{"line":71,"column":16},"end":{"line":71,"column":51}},"39":{"start":{"line":73,"column":16},"end":{"line":73,"column":63}},"40":{"start":{"line":79,"column":8},"end":{"line":79,"column":45}},"41":{"start":{"line":80,"column":8},"end":{"line":92,"column":11}},"42":{"start":{"line":81,"column":12},"end":{"line":91,"column":13}},"43":{"start":{"line":83,"column":27},"end":{"line":83,"column":39}},"44":{"start":{"line":85,"column":32},"end":{"line":85,"column":176}},"45":{"start":{"line":86,"column":39},"end":{"line":86,"column":106}},"46":{"start":{"line":87,"column":16},"end":{"line":88,"column":28}},"47":{"start":{"line":87,"column":43},"end":{"line":87,"column":59}},"48":{"start":{"line":88,"column":16},"end":{"line":88,"column":26}},"49":{"start":{"line":90,"column":16},"end":{"line":90,"column":71}},"50":{"start":{"line":96,"column":8},"end":{"line":104,"column":10}},"51":{"start":{"line":97,"column":12},"end":{"line":103,"column":13}},"52":{"start":{"line":98,"column":39},"end":{"line":98,"column":168}},"53":{"start":{"line":100,"column":16},"end":{"line":100,"column":74}},"54":{"start":{"line":102,"column":16},"end":{"line":102,"column":56}},"55":{"start":{"line":108,"column":8},"end":{"line":119,"column":10}},"56":{"start":{"line":109,"column":12},"end":{"line":118,"column":13}},"57":{"start":{"line":110,"column":27},"end":{"line":110,"column":39}},"58":{"start":{"line":111,"column":16},"end":{"line":114,"column":19}},"59":{"start":{"line":115,"column":16},"end":{"line":115,"column":47}},"60":{"start":{"line":117,"column":16},"end":{"line":117,"column":59}},"61":{"start":{"line":124,"column":0},"end":{"line":124,"column":21}}},"fnMap":{"0":{"name":"(anonymous_0)","decl":{"start":{"line":5,"column":4},"end":{"line":5,"column":5}},"loc":{"start":{"line":5,"column":22},"end":{"line":11,"column":5}},"line":5},"1":{"name":"(anonymous_1)","decl":{"start":{"line":13,"column":4},"end":{"line":13,"column":5}},"loc":{"start":{"line":13,"column":21},"end":{"line":25,"column":5}},"line":13},"2":{"name":"(anonymous_2)","decl":{"start":{"line":14,"column":28},"end":{"line":14,"column":29}},"loc":{"start":{"line":14,"column":55},"end":{"line":24,"column":9}},"line":14},"3":{"name":"(anonymous_3)","decl":{"start":{"line":18,"column":44},"end":{"line":18,"column":45}},"loc":{"start":{"line":18,"column":49},"end":{"line":18,"column":78}},"line":18},"4":{"name":"(anonymous_4)","decl":{"start":{"line":27,"column":4},"end":{"line":27,"column":5}},"loc":{"start":{"line":27,"column":36},"end":{"line":39,"column":5}},"line":27},"5":{"name":"(anonymous_5)","decl":{"start":{"line":28,"column":27},"end":{"line":28,"column":28}},"loc":{"start":{"line":28,"column":54},"end":{"line":38,"column":9}},"line":28},"6":{"name":"(anonymous_6)","decl":{"start":{"line":41,"column":4},"end":{"line":41,"column":5}},"loc":{"start":{"line":41,"column":42},"end":{"line":53,"column":5}},"line":41},"7":{"name":"(anonymous_7)","decl":{"start":{"line":42,"column":27},"end":{"line":42,"column":28}},"loc":{"start":{"line":42,"column":54},"end":{"line":52,"column":9}},"line":42},"8":{"name":"(anonymous_8)","decl":{"start":{"line":55,"column":4},"end":{"line":55,"column":5}},"loc":{"start":{"line":55,"column":41},"end":{"line":64,"column":5}},"line":55},"9":{"name":"(anonymous_9)","decl":{"start":{"line":56,"column":27},"end":{"line":56,"column":28}},"loc":{"start":{"line":56,"column":54},"end":{"line":63,"column":9}},"line":56},"10":{"name":"(anonymous_10)","decl":{"start":{"line":66,"column":4},"end":{"line":66,"column":5}},"loc":{"start":{"line":66,"column":17},"end":{"line":76,"column":5}},"line":66},"11":{"name":"(anonymous_11)","decl":{"start":{"line":67,"column":27},"end":{"line":67,"column":28}},"loc":{"start":{"line":67,"column":54},"end":{"line":75,"column":9}},"line":67},"12":{"name":"(anonymous_12)","decl":{"start":{"line":78,"column":4},"end":{"line":78,"column":5}},"loc":{"start":{"line":78,"column":40},"end":{"line":93,"column":5}},"line":78},"13":{"name":"(anonymous_13)","decl":{"start":{"line":80,"column":27},"end":{"line":80,"column":28}},"loc":{"start":{"line":80,"column":54},"end":{"line":92,"column":9}},"line":80},"14":{"name":"(anonymous_14)","decl":{"start":{"line":87,"column":37},"end":{"line":87,"column":38}},"loc":{"start":{"line":87,"column":42},"end":{"line":88,"column":27}},"line":87},"15":{"name":"(anonymous_15)","decl":{"start":{"line":95,"column":4},"end":{"line":95,"column":5}},"loc":{"start":{"line":95,"column":37},"end":{"line":105,"column":5}},"line":95},"16":{"name":"(anonymous_16)","decl":{"start":{"line":96,"column":27},"end":{"line":96,"column":28}},"loc":{"start":{"line":96,"column":54},"end":{"line":104,"column":9}},"line":96},"17":{"name":"(anonymous_17)","decl":{"start":{"line":107,"column":4},"end":{"line":107,"column":5}},"loc":{"start":{"line":107,"column":37},"end":{"line":120,"column":5}},"line":107},"18":{"name":"(anonymous_18)","decl":{"start":{"line":108,"column":27},"end":{"line":108,"column":28}},"loc":{"start":{"line":108,"column":53},"end":{"line":119,"column":9}},"line":108}},"branchMap":{},"s":{"0":1,"1":1,"2":8,"3":8,"4":8,"5":8,"6":8,"7":0,"8":0,"9":0,"10":0,"11":0,"12":0,"13":0,"14":0,"15":5,"16":5,"17":5,"18":5,"19":5,"20":5,"21":0,"22":1,"23":1,"24":1,"25":1,"26":1,"27":1,"28":0,"29":0,"30":0,"31":0,"32":0,"33":0,"34":0,"35":0,"36":0,"37":0,"38":0,"39":0,"40":2,"41":2,"42":2,"43":2,"44":2,"45":2,"46":2,"47":2,"48":2,"49":0,"50":0,"51":0,"52":0,"53":0,"54":0,"55":0,"56":0,"57":0,"58":0,"59":0,"60":0,"61":1},"f":{"0":8,"1":0,"2":0,"3":0,"4":5,"5":5,"6":1,"7":1,"8":0,"9":0,"10":0,"11":0,"12":2,"13":2,"14":2,"15":0,"16":0,"17":0,"18":0},"b":{},"_coverageSchema":"1a1c01bbd47fc00a2c39e90264f33305004495a9","hash":"61ee607742ce672df6f83ddbe0467bbf63b5ce5f"}
,"/code/routes/route.js": {"path":"/code/routes/route.js","statementMap":{"0":{"start":{"line":1,"column":16},"end":{"line":1,"column":34}},"1":{"start":{"line":2,"column":15},"end":{"line":2,"column":31}},"2":{"start":{"line":3,"column":23},"end":{"line":3,"column":59}},"3":{"start":{"line":5,"column":0},"end":{"line":5,"column":38}},"4":{"start":{"line":6,"column":0},"end":{"line":6,"column":56}},"5":{"start":{"line":7,"column":0},"end":{"line":7,"column":48}},"6":{"start":{"line":8,"column":0},"end":{"line":8,"column":55}},"7":{"start":{"line":11,"column":0},"end":{"line":11,"column":23}}},"fnMap":{},"branchMap":{},"s":{"0":1,"1":1,"2":1,"3":1,"4":1,"5":1,"6":1,"7":1},"f":{},"b":{},"_coverageSchema":"1a1c01bbd47fc00a2c39e90264f33305004495a9","hash":"cd06a79730c1c34cbc9284948b22ce8040eaf568"}
,"/code/tests/integration/config.js": {"path":"/code/tests/integration/config.js","statementMap":{"0":{"start":{"line":1,"column":20},"end":{"line":1,"column":55}},"1":{"start":{"line":6,"column":20},"end":{"line":22,"column":1}},"2":{"start":{"line":7,"column":4},"end":{"line":21,"column":7}},"3":{"start":{"line":8,"column":8},"end":{"line":20,"column":9}},"4":{"start":{"line":9,"column":12},"end":{"line":9,"column":78}},"5":{"start":{"line":10,"column":12},"end":{"line":10,"column":57}},"6":{"start":{"line":11,"column":12},"end":{"line":11,"column":56}},"7":{"start":{"line":12,"column":12},"end":{"line":16,"column":14}},"8":{"start":{"line":17,"column":12},"end":{"line":17,"column":37}},"9":{"start":{"line":19,"column":12},"end":{"line":19,"column":72}},"10":{"start":{"line":24,"column":0},"end":{"line":24,"column":32}}},"fnMap":{"0":{"name":"(anonymous_0)","decl":{"start":{"line":6,"column":20},"end":{"line":6,"column":21}},"loc":{"start":{"line":6,"column":26},"end":{"line":22,"column":1}},"line":6},"1":{"name":"(anonymous_1)","decl":{"start":{"line":7,"column":24},"end":{"line":7,"column":25}},"loc":{"start":{"line":7,"column":51},"end":{"line":21,"column":5}},"line":7}},"branchMap":{},"s":{"0":1,"1":1,"2":7,"3":7,"4":7,"5":7,"6":7,"7":7,"8":7,"9":0,"10":1},"f":{"0":7,"1":7},"b":{},"_coverageSchema":"1a1c01bbd47fc00a2c39e90264f33305004495a9","hash":"9fa6430ef00545f1d0f12c2c4b1dd944646b6e63"}
}
