TN:
SF:server.js
FN:15,(anonymous_0)
FNF:1
FNH:1
FNDA:2,(anonymous_0)
DA:1,1
DA:2,1
DA:4,1
DA:5,1
DA:6,1
DA:12,1
DA:13,1
DA:15,2
DA:17,1
LF:9
LH:9
BRF:0
BRH:0
end_of_record
TN:
SF:controllers/controller.js
FN:5,getAll
FN:15,createNewUser
FN:28,authLogin
FN:38,(anonymous_3)
FN:57,getUser
FN:66,updateUser
FN:77,removeUser
FN:88,createHabit
FN:99,updateHabit
FN:112,remove
FNF:10
FNH:6
FNDA:0,getAll
FNDA:1,createNewUser
FNDA:0,authLogin
FNDA:0,(anonymous_3)
FNDA:8,getUser
FNDA:0,updateUser
FNDA:1,removeUser
FNDA:2,createHabit
FNDA:1,updateHabit
FNDA:1,remove
DA:1,1
DA:2,1
DA:7,0
DA:8,0
DA:9,0
DA:11,0
DA:16,1
DA:17,1
DA:18,1
DA:19,1
DA:20,1
DA:21,1
DA:22,1
DA:24,0
DA:29,0
DA:30,0
DA:31,0
DA:32,0
DA:33,0
DA:35,0
DA:36,0
DA:37,0
DA:38,0
DA:39,0
DA:40,0
DA:42,0
DA:48,0
DA:50,0
DA:53,0
DA:58,8
DA:59,8
DA:60,7
DA:62,1
DA:67,0
DA:68,0
DA:69,0
DA:70,0
DA:71,0
DA:73,0
DA:78,1
DA:79,1
DA:81,1
DA:82,1
DA:84,0
DA:89,2
DA:90,2
DA:91,2
DA:92,2
DA:93,2
DA:95,0
DA:100,1
DA:101,1
DA:102,1
DA:103,1
DA:104,1
DA:105,1
DA:107,0
DA:113,1
DA:114,1
DA:115,1
DA:117,0
DA:118,0
DA:123,1
LF:63
LH:32
BRDA:32,0,0,0
BRDA:32,0,1,0
BRDA:36,1,0,0
BRDA:36,1,1,0
BRDA:39,2,0,0
BRDA:39,2,1,0
BRF:6
BRH:0
end_of_record
TN:
SF:dbConfig/dbConfig.js
FN:6,(anonymous_0)
FNF:1
FNH:1
FNDA:15,(anonymous_0)
DA:1,1
DA:2,1
DA:4,1
DA:6,1
DA:7,15
DA:8,15
DA:9,15
DA:12,1
LF:8
LH:8
BRF:0
BRH:0
end_of_record
TN:
SF:middleware/auth.js
FN:3,verifyToken
FN:7,(anonymous_1)
FNF:2
FNH:0
FNDA:0,verifyToken
FNDA:0,(anonymous_1)
DA:1,1
DA:4,0
DA:5,0
DA:6,0
DA:7,0
DA:8,0
DA:9,0
DA:10,0
DA:12,0
DA:16,0
DA:19,1
LF:11
LH:2
BRDA:5,0,0,0
BRDA:5,0,1,0
BRDA:9,1,0,0
BRDA:9,1,1,0
BRF:4
BRH:0
end_of_record
TN:
SF:models/model.js
FN:5,(anonymous_0)
FN:13,(anonymous_1)
FN:14,(anonymous_2)
FN:18,(anonymous_3)
FN:27,(anonymous_4)
FN:28,(anonymous_5)
FN:41,(anonymous_6)
FN:42,(anonymous_7)
FN:53,(anonymous_8)
FN:54,(anonymous_9)
FN:63,(anonymous_10)
FN:64,(anonymous_11)
FN:75,(anonymous_12)
FN:77,(anonymous_13)
FN:83,(anonymous_14)
FN:91,(anonymous_15)
FN:92,(anonymous_16)
FN:114,(anonymous_17)
FN:116,(anonymous_18)
FNF:19
FNH:14
FNDA:11,(anonymous_0)
FNDA:0,(anonymous_1)
FNDA:0,(anonymous_2)
FNDA:0,(anonymous_3)
FNDA:9,(anonymous_4)
FNDA:9,(anonymous_5)
FNDA:1,(anonymous_6)
FNDA:1,(anonymous_7)
FNDA:0,(anonymous_8)
FNDA:0,(anonymous_9)
FNDA:1,(anonymous_10)
FNDA:1,(anonymous_11)
FNDA:2,(anonymous_12)
FNDA:2,(anonymous_13)
FNDA:2,(anonymous_14)
FNDA:1,(anonymous_15)
FNDA:1,(anonymous_16)
FNDA:1,(anonymous_17)
FNDA:1,(anonymous_18)
DA:1,1
DA:2,1
DA:6,11
DA:7,11
DA:8,11
DA:9,11
DA:10,11
DA:14,0
DA:15,0
DA:16,0
DA:17,0
DA:18,0
DA:19,0
DA:22,0
DA:28,9
DA:30,9
DA:31,9
DA:32,9
DA:33,9
DA:34,8
DA:36,1
DA:42,1
DA:43,1
DA:44,1
DA:45,1
DA:46,1
DA:47,1
DA:49,0
DA:54,0
DA:55,0
DA:56,0
DA:57,0
DA:59,0
DA:64,1
DA:65,1
DA:66,1
DA:67,1
DA:68,1
DA:70,0
DA:76,2
DA:77,2
DA:78,2
DA:80,2
DA:81,2
DA:82,2
DA:83,2
DA:84,2
DA:86,0
DA:92,1
DA:93,1
DA:94,1
DA:95,1
DA:96,1
DA:97,1
DA:98,1
DA:99,1
DA:100,1
DA:101,1
DA:102,1
DA:107,1
DA:109,0
DA:116,1
DA:117,1
DA:118,1
DA:119,1
DA:121,1
DA:123,0
DA:134,1
LF:68
LH:51
BRF:0
BRH:0
end_of_record
TN:
SF:routes/route.js
FNF:0
FNH:0
DA:1,1
DA:2,1
DA:3,1
DA:4,1
DA:6,1
DA:7,1
DA:8,1
DA:9,1
DA:10,1
DA:11,1
DA:12,1
DA:13,1
DA:16,1
LF:13
LH:13
BRF:0
BRH:0
end_of_record
TN:
SF:tests/integration/config.js
FN:6,(anonymous_0)
FN:7,(anonymous_1)
FNF:2
FNH:2
FNDA:10,(anonymous_0)
FNDA:10,(anonymous_1)
DA:1,1
DA:6,1
DA:7,10
DA:8,10
DA:9,10
DA:10,10
DA:11,10
DA:12,10
DA:17,10
DA:19,0
DA:24,1
LF:11
LH:10
BRF:0
BRH:0
end_of_record
